2017-06-19 18:36:15,169 [Worker-12] INFO  o.e.m.c.i.p.ProjectConfigurationManager - Collecting project info '/pom.xml' /home/john/javaDevEnv/letPlayAPI/letsPlay/pom.xml
2017-06-19 18:36:25,544 [Worker-12] INFO  o.e.m.c.i.l.LifecycleMappingFactory - Using org.maven.ide.eclipse.wtp.WarLifecycleMapping lifecycle mapping for MavenProject: org.wanjiku:letsPlay:0.0.1-SNAPSHOT @ /home/john/javaDevEnv/letPlayAPI/letsPlay/pom.xml.
2017-06-19 18:36:35,740 [Worker-12] INFO  o.e.m.j.i.AbstractJavaProjectConfigurator - Adding source folder /letsPlay/src/main/java
2017-06-19 18:36:35,746 [Worker-12] INFO  o.e.m.j.i.AbstractJavaProjectConfigurator - Adding resource folder /letsPlay/src/main/resources
2017-06-19 18:36:35,764 [Worker-12] INFO  o.e.m.j.i.AbstractJavaProjectConfigurator - Adding source folder /letsPlay/src/test/java
2017-06-19 18:36:48,453 [Worker-12] INFO  o.e.m.c.i.p.ProjectConfigurationManager - Imported and configured 1 project(s) in 33 sec
2017-06-19 18:36:58,326 [Worker-0] INFO  o.e.m.c.i.embedder.EclipseLogger - Using 'UTF-8' encoding to copy filtered resources.
2017-06-19 18:36:58,418 [Worker-0] INFO  o.e.m.c.i.embedder.EclipseLogger - Copying 0 resource
2017-06-19 18:36:58,460 [Worker-0] INFO  o.e.m.c.i.embedder.EclipseLogger - Using 'UTF-8' encoding to copy filtered resources.
2017-06-19 18:36:58,461 [Worker-0] INFO  o.e.m.c.i.embedder.EclipseLogger - skip non existing resourceDirectory /home/john/javaDevEnv/letPlayAPI/letsPlay/src/test/resources
2017-06-19 22:18:56,344 [Worker-80] INFO  o.e.m.c.i.embedder.EclipseLogger - Using 'UTF-8' encoding to copy filtered resources.
2017-06-19 22:18:56,713 [Worker-80] INFO  o.e.m.c.i.embedder.EclipseLogger - Copying 0 resource
2017-06-19 22:18:56,761 [Worker-80] INFO  o.e.m.c.i.embedder.EclipseLogger - Using 'UTF-8' encoding to copy filtered resources.
2017-06-19 22:18:56,763 [Worker-80] INFO  o.e.m.c.i.embedder.EclipseLogger - skip non existing resourceDirectory /home/john/javaDevEnv/letPlayAPI/letsPlay/src/test/resources
2017-06-19 22:19:39,785 [Worker-80] INFO  o.e.m.c.i.embedder.EclipseLogger - Using 'UTF-8' encoding to copy filtered resources.
2017-06-19 22:19:39,805 [Worker-80] INFO  o.e.m.c.i.embedder.EclipseLogger - Copying 0 resource
2017-06-19 22:19:39,846 [Worker-80] INFO  o.e.m.c.i.embedder.EclipseLogger - Using 'UTF-8' encoding to copy filtered resources.
2017-06-19 22:19:39,847 [Worker-80] INFO  o.e.m.c.i.embedder.EclipseLogger - skip non existing resourceDirectory /home/john/javaDevEnv/letPlayAPI/letsPlay/src/test/resources
2017-06-19 22:20:00,171 [Worker-80] INFO  o.e.m.c.i.embedder.EclipseLogger - Using 'UTF-8' encoding to copy filtered resources.
2017-06-19 22:20:00,173 [Worker-80] INFO  o.e.m.c.i.embedder.EclipseLogger - Copying 0 resource
2017-06-19 22:20:00,222 [Worker-80] INFO  o.e.m.c.i.embedder.EclipseLogger - Using 'UTF-8' encoding to copy filtered resources.
2017-06-19 22:20:00,223 [Worker-80] INFO  o.e.m.c.i.embedder.EclipseLogger - skip non existing resourceDirectory /home/john/javaDevEnv/letPlayAPI/letsPlay/src/test/resources
2017-06-19 22:24:17,881 [Worker-83] INFO  o.e.m.c.i.embedder.EclipseLogger - Using 'UTF-8' encoding to copy filtered resources.
2017-06-19 22:24:17,883 [Worker-83] INFO  o.e.m.c.i.embedder.EclipseLogger - Copying 0 resource
2017-06-19 22:24:17,891 [Worker-83] INFO  o.e.m.c.i.embedder.EclipseLogger - Using 'UTF-8' encoding to copy filtered resources.
2017-06-19 22:24:17,896 [Worker-83] INFO  o.e.m.c.i.embedder.EclipseLogger - skip non existing resourceDirectory /home/john/javaDevEnv/letPlayAPI/letsPlay/src/test/resources
2017-06-19 22:25:58,426 [Worker-85] INFO  o.e.m.c.i.embedder.EclipseLogger - Using 'UTF-8' encoding to copy filtered resources.
2017-06-19 22:25:58,427 [Worker-85] INFO  o.e.m.c.i.embedder.EclipseLogger - Copying 0 resource
2017-06-19 22:25:58,449 [Worker-85] INFO  o.e.m.c.i.embedder.EclipseLogger - Using 'UTF-8' encoding to copy filtered resources.
2017-06-19 22:25:58,450 [Worker-85] INFO  o.e.m.c.i.embedder.EclipseLogger - skip non existing resourceDirectory /home/john/javaDevEnv/letPlayAPI/letsPlay/src/test/resources
2017-06-19 22:26:26,237 [Worker-81] INFO  o.e.m.c.i.embedder.EclipseLogger - Using 'UTF-8' encoding to copy filtered resources.
2017-06-19 22:26:26,255 [Worker-81] INFO  o.e.m.c.i.embedder.EclipseLogger - Copying 0 resource
2017-06-19 22:26:26,295 [Worker-81] INFO  o.e.m.c.i.embedder.EclipseLogger - Using 'UTF-8' encoding to copy filtered resources.
2017-06-19 22:26:26,296 [Worker-81] INFO  o.e.m.c.i.embedder.EclipseLogger - skip non existing resourceDirectory /home/john/javaDevEnv/letPlayAPI/letsPlay/src/test/resources
2017-06-19 22:26:56,645 [Worker-85] INFO  o.e.m.c.i.embedder.EclipseLogger - Using 'UTF-8' encoding to copy filtered resources.
2017-06-19 22:26:56,647 [Worker-85] INFO  o.e.m.c.i.embedder.EclipseLogger - Copying 0 resource
2017-06-19 22:26:56,661 [Worker-85] INFO  o.e.m.c.i.embedder.EclipseLogger - Using 'UTF-8' encoding to copy filtered resources.
2017-06-19 22:26:56,662 [Worker-85] INFO  o.e.m.c.i.embedder.EclipseLogger - skip non existing resourceDirectory /home/john/javaDevEnv/letPlayAPI/letsPlay/src/test/resources
2017-06-19 22:29:59,759 [Worker-83] INFO  o.e.m.c.i.embedder.EclipseLogger - Using 'UTF-8' encoding to copy filtered resources.
2017-06-19 22:29:59,771 [Worker-83] INFO  o.e.m.c.i.embedder.EclipseLogger - Copying 0 resource
2017-06-19 22:29:59,818 [Worker-83] INFO  o.e.m.c.i.embedder.EclipseLogger - Using 'UTF-8' encoding to copy filtered resources.
2017-06-19 22:29:59,819 [Worker-83] INFO  o.e.m.c.i.embedder.EclipseLogger - skip non existing resourceDirectory /home/john/javaDevEnv/letPlayAPI/letsPlay/src/test/resources
2017-06-19 22:43:40,568 [Worker-92] INFO  o.e.m.c.i.embedder.EclipseLogger - Using 'UTF-8' encoding to copy filtered resources.
2017-06-19 22:43:40,570 [Worker-92] INFO  o.e.m.c.i.embedder.EclipseLogger - Copying 0 resource
2017-06-19 22:43:40,597 [Worker-92] INFO  o.e.m.c.i.embedder.EclipseLogger - Using 'UTF-8' encoding to copy filtered resources.
2017-06-19 22:43:40,598 [Worker-92] INFO  o.e.m.c.i.embedder.EclipseLogger - skip non existing resourceDirectory /home/john/javaDevEnv/letPlayAPI/letsPlay/src/test/resources
2017-06-19 22:45:00,307 [Worker-94] INFO  o.e.m.c.i.embedder.EclipseLogger - Using 'UTF-8' encoding to copy filtered resources.
2017-06-19 22:45:00,329 [Worker-94] INFO  o.e.m.c.i.embedder.EclipseLogger - Copying 0 resource
2017-06-19 22:45:00,362 [Worker-94] INFO  o.e.m.c.i.embedder.EclipseLogger - Using 'UTF-8' encoding to copy filtered resources.
2017-06-19 22:45:00,363 [Worker-94] INFO  o.e.m.c.i.embedder.EclipseLogger - skip non existing resourceDirectory /home/john/javaDevEnv/letPlayAPI/letsPlay/src/test/resources
2017-06-19 22:45:32,522 [Worker-95] INFO  o.e.m.c.i.embedder.EclipseLogger - Using 'UTF-8' encoding to copy filtered resources.
2017-06-19 22:45:32,530 [Worker-95] INFO  o.e.m.c.i.embedder.EclipseLogger - Copying 0 resource
2017-06-19 22:45:32,558 [Worker-95] INFO  o.e.m.c.i.embedder.EclipseLogger - Using 'UTF-8' encoding to copy filtered resources.
2017-06-19 22:45:32,560 [Worker-95] INFO  o.e.m.c.i.embedder.EclipseLogger - skip non existing resourceDirectory /home/john/javaDevEnv/letPlayAPI/letsPlay/src/test/resources
2017-06-19 22:55:35,000 [Worker-101] INFO  o.e.m.c.i.embedder.EclipseLogger - Using 'UTF-8' encoding to copy filtered resources.
2017-06-19 22:55:35,002 [Worker-101] INFO  o.e.m.c.i.embedder.EclipseLogger - Copying 0 resource
2017-06-19 22:55:35,018 [Worker-101] INFO  o.e.m.c.i.embedder.EclipseLogger - Using 'UTF-8' encoding to copy filtered resources.
2017-06-19 22:55:35,025 [Worker-101] INFO  o.e.m.c.i.embedder.EclipseLogger - skip non existing resourceDirectory /home/john/javaDevEnv/letPlayAPI/letsPlay/src/test/resources
2017-06-19 23:00:13,454 [Worker-106] INFO  o.e.m.c.i.embedder.EclipseLogger - Using 'UTF-8' encoding to copy filtered resources.
2017-06-19 23:00:13,461 [Worker-106] INFO  o.e.m.c.i.embedder.EclipseLogger - Copying 0 resource
2017-06-19 23:00:13,497 [Worker-106] INFO  o.e.m.c.i.embedder.EclipseLogger - Using 'UTF-8' encoding to copy filtered resources.
2017-06-19 23:00:13,506 [Worker-106] INFO  o.e.m.c.i.embedder.EclipseLogger - skip non existing resourceDirectory /home/john/javaDevEnv/letPlayAPI/letsPlay/src/test/resources
2017-06-19 23:21:14,246 [Worker-119] INFO  o.e.m.c.i.embedder.EclipseLogger - Using 'UTF-8' encoding to copy filtered resources.
2017-06-19 23:21:14,289 [Worker-119] INFO  o.e.m.c.i.embedder.EclipseLogger - Copying 0 resource
2017-06-19 23:21:14,314 [Worker-119] INFO  o.e.m.c.i.embedder.EclipseLogger - Using 'UTF-8' encoding to copy filtered resources.
2017-06-19 23:21:14,316 [Worker-119] INFO  o.e.m.c.i.embedder.EclipseLogger - skip non existing resourceDirectory /home/john/javaDevEnv/letPlayAPI/letsPlay/src/test/resources
2017-06-19 23:25:57,101 [Worker-127] INFO  o.e.m.c.i.embedder.EclipseLogger - Using 'UTF-8' encoding to copy filtered resources.
2017-06-19 23:25:57,103 [Worker-127] INFO  o.e.m.c.i.embedder.EclipseLogger - Copying 0 resource
2017-06-19 23:25:57,160 [Worker-127] INFO  o.e.m.c.i.embedder.EclipseLogger - Using 'UTF-8' encoding to copy filtered resources.
2017-06-19 23:25:57,161 [Worker-127] INFO  o.e.m.c.i.embedder.EclipseLogger - skip non existing resourceDirectory /home/john/javaDevEnv/letPlayAPI/letsPlay/src/test/resources
2017-06-19 23:29:39,358 [Worker-120] INFO  o.e.m.c.i.embedder.EclipseLogger - Using 'UTF-8' encoding to copy filtered resources.
2017-06-19 23:29:39,376 [Worker-120] INFO  o.e.m.c.i.embedder.EclipseLogger - Copying 0 resource
2017-06-19 23:29:39,435 [Worker-120] INFO  o.e.m.c.i.embedder.EclipseLogger - Using 'UTF-8' encoding to copy filtered resources.
2017-06-19 23:29:39,436 [Worker-120] INFO  o.e.m.c.i.embedder.EclipseLogger - skip non existing resourceDirectory /home/john/javaDevEnv/letPlayAPI/letsPlay/src/test/resources
2017-06-19 23:30:16,004 [Worker-120] INFO  o.e.m.c.i.embedder.EclipseLogger - Using 'UTF-8' encoding to copy filtered resources.
2017-06-19 23:30:16,012 [Worker-120] INFO  o.e.m.c.i.embedder.EclipseLogger - Copying 0 resource
2017-06-19 23:30:16,044 [Worker-120] INFO  o.e.m.c.i.embedder.EclipseLogger - Using 'UTF-8' encoding to copy filtered resources.
2017-06-19 23:30:16,045 [Worker-120] INFO  o.e.m.c.i.embedder.EclipseLogger - skip non existing resourceDirectory /home/john/javaDevEnv/letPlayAPI/letsPlay/src/test/resources
2017-06-19 23:34:07,826 [Worker-116] INFO  o.e.m.c.i.embedder.EclipseLogger - Using 'UTF-8' encoding to copy filtered resources.
2017-06-19 23:34:07,829 [Worker-116] INFO  o.e.m.c.i.embedder.EclipseLogger - Copying 0 resource
2017-06-19 23:34:07,852 [Worker-116] INFO  o.e.m.c.i.embedder.EclipseLogger - Using 'UTF-8' encoding to copy filtered resources.
2017-06-19 23:34:07,862 [Worker-116] INFO  o.e.m.c.i.embedder.EclipseLogger - skip non existing resourceDirectory /home/john/javaDevEnv/letPlayAPI/letsPlay/src/test/resources
2017-06-19 23:35:12,164 [Worker-120] INFO  o.e.m.c.i.embedder.EclipseLogger - Using 'UTF-8' encoding to copy filtered resources.
2017-06-19 23:35:12,167 [Worker-120] INFO  o.e.m.c.i.embedder.EclipseLogger - Copying 0 resource
2017-06-19 23:35:12,189 [Worker-120] INFO  o.e.m.c.i.embedder.EclipseLogger - Using 'UTF-8' encoding to copy filtered resources.
2017-06-19 23:35:12,190 [Worker-120] INFO  o.e.m.c.i.embedder.EclipseLogger - skip non existing resourceDirectory /home/john/javaDevEnv/letPlayAPI/letsPlay/src/test/resources
2017-06-19 23:38:27,977 [Worker-126] INFO  o.e.m.c.i.embedder.EclipseLogger - Using 'UTF-8' encoding to copy filtered resources.
2017-06-19 23:38:27,993 [Worker-126] INFO  o.e.m.c.i.embedder.EclipseLogger - Copying 0 resource
2017-06-19 23:38:28,014 [Worker-126] INFO  o.e.m.c.i.embedder.EclipseLogger - Using 'UTF-8' encoding to copy filtered resources.
2017-06-19 23:38:28,023 [Worker-126] INFO  o.e.m.c.i.embedder.EclipseLogger - skip non existing resourceDirectory /home/john/javaDevEnv/letPlayAPI/letsPlay/src/test/resources
2017-06-19 23:41:03,052 [Worker-133] INFO  o.e.m.c.i.embedder.EclipseLogger - Using 'UTF-8' encoding to copy filtered resources.
2017-06-19 23:41:03,054 [Worker-133] INFO  o.e.m.c.i.embedder.EclipseLogger - Copying 0 resource
2017-06-19 23:41:03,064 [Worker-133] INFO  o.e.m.c.i.embedder.EclipseLogger - Using 'UTF-8' encoding to copy filtered resources.
2017-06-19 23:41:03,065 [Worker-133] INFO  o.e.m.c.i.embedder.EclipseLogger - skip non existing resourceDirectory /home/john/javaDevEnv/letPlayAPI/letsPlay/src/test/resources
2017-06-19 23:44:44,846 [Worker-137] INFO  o.e.m.c.i.embedder.EclipseLogger - Using 'UTF-8' encoding to copy filtered resources.
2017-06-19 23:44:44,901 [Worker-137] INFO  o.e.m.c.i.embedder.EclipseLogger - Copying 0 resource
2017-06-19 23:44:44,910 [Worker-137] INFO  o.e.m.c.i.embedder.EclipseLogger - Using 'UTF-8' encoding to copy filtered resources.
2017-06-19 23:44:44,916 [Worker-137] INFO  o.e.m.c.i.embedder.EclipseLogger - skip non existing resourceDirectory /home/john/javaDevEnv/letPlayAPI/letsPlay/src/test/resources
2017-06-19 23:51:35,778 [Worker-139] INFO  o.e.m.c.i.embedder.EclipseLogger - Using 'UTF-8' encoding to copy filtered resources.
2017-06-19 23:51:35,854 [Worker-139] INFO  o.e.m.c.i.embedder.EclipseLogger - Copying 1 resource
2017-06-19 23:51:35,984 [Worker-139] INFO  o.e.m.c.i.embedder.EclipseLogger - Using 'UTF-8' encoding to copy filtered resources.
2017-06-19 23:51:35,985 [Worker-139] INFO  o.e.m.c.i.embedder.EclipseLogger - skip non existing resourceDirectory /home/john/javaDevEnv/letPlayAPI/letsPlay/src/test/resources
2017-06-19 23:51:57,339 [Worker-139] INFO  o.e.m.c.i.embedder.EclipseLogger - Using 'UTF-8' encoding to copy filtered resources.
2017-06-19 23:51:57,364 [Worker-139] INFO  o.e.m.c.i.embedder.EclipseLogger - Copying 0 resource
2017-06-19 23:51:57,378 [Worker-139] INFO  o.e.m.c.i.embedder.EclipseLogger - Using 'UTF-8' encoding to copy filtered resources.
2017-06-19 23:51:57,379 [Worker-139] INFO  o.e.m.c.i.embedder.EclipseLogger - skip non existing resourceDirectory /home/john/javaDevEnv/letPlayAPI/letsPlay/src/test/resources
2017-06-19 23:53:32,087 [Worker-142] INFO  o.e.m.c.i.embedder.EclipseLogger - Using 'UTF-8' encoding to copy filtered resources.
2017-06-19 23:53:32,105 [Worker-142] INFO  o.e.m.c.i.embedder.EclipseLogger - Copying 1 resource
2017-06-19 23:53:32,148 [Worker-142] INFO  o.e.m.c.i.embedder.EclipseLogger - Using 'UTF-8' encoding to copy filtered resources.
2017-06-19 23:53:32,149 [Worker-142] INFO  o.e.m.c.i.embedder.EclipseLogger - skip non existing resourceDirectory /home/john/javaDevEnv/letPlayAPI/letsPlay/src/test/resources
2017-06-19 23:55:53,232 [Worker-139] INFO  o.e.m.c.i.embedder.EclipseLogger - Using 'UTF-8' encoding to copy filtered resources.
2017-06-19 23:55:53,234 [Worker-139] INFO  o.e.m.c.i.embedder.EclipseLogger - Copying 1 resource
2017-06-19 23:55:53,259 [Worker-139] INFO  o.e.m.c.i.embedder.EclipseLogger - Using 'UTF-8' encoding to copy filtered resources.
2017-06-19 23:55:53,264 [Worker-139] INFO  o.e.m.c.i.embedder.EclipseLogger - skip non existing resourceDirectory /home/john/javaDevEnv/letPlayAPI/letsPlay/src/test/resources
2017-06-19 23:59:14,535 [Worker-143] INFO  o.e.m.c.i.embedder.EclipseLogger - Using 'UTF-8' encoding to copy filtered resources.
2017-06-19 23:59:14,585 [Worker-143] INFO  o.e.m.c.i.embedder.EclipseLogger - Copying 1 resource
2017-06-19 23:59:14,609 [Worker-143] INFO  o.e.m.c.i.embedder.EclipseLogger - Using 'UTF-8' encoding to copy filtered resources.
2017-06-19 23:59:14,610 [Worker-143] INFO  o.e.m.c.i.embedder.EclipseLogger - skip non existing resourceDirectory /home/john/javaDevEnv/letPlayAPI/letsPlay/src/test/resources
2017-06-20 00:00:11,298 [Worker-143] INFO  o.e.m.c.i.embedder.EclipseLogger - Using 'UTF-8' encoding to copy filtered resources.
2017-06-20 00:00:11,314 [Worker-143] INFO  o.e.m.c.i.embedder.EclipseLogger - Copying 1 resource
2017-06-20 00:00:11,343 [Worker-143] INFO  o.e.m.c.i.embedder.EclipseLogger - Using 'UTF-8' encoding to copy filtered resources.
2017-06-20 00:00:11,344 [Worker-143] INFO  o.e.m.c.i.embedder.EclipseLogger - skip non existing resourceDirectory /home/john/javaDevEnv/letPlayAPI/letsPlay/src/test/resources
2017-06-20 00:02:46,087 [Worker-147] INFO  o.e.m.c.i.embedder.EclipseLogger - Using 'UTF-8' encoding to copy filtered resources.
2017-06-20 00:02:46,104 [Worker-147] INFO  o.e.m.c.i.embedder.EclipseLogger - Copying 1 resource
2017-06-20 00:02:46,109 [Worker-147] INFO  o.e.m.c.i.embedder.EclipseLogger - Using 'UTF-8' encoding to copy filtered resources.
2017-06-20 00:02:46,110 [Worker-147] INFO  o.e.m.c.i.embedder.EclipseLogger - skip non existing resourceDirectory /home/john/javaDevEnv/letPlayAPI/letsPlay/src/test/resources
2017-06-20 00:03:58,104 [Worker-144] INFO  o.e.m.c.i.embedder.EclipseLogger - Using 'UTF-8' encoding to copy filtered resources.
2017-06-20 00:03:58,106 [Worker-144] INFO  o.e.m.c.i.embedder.EclipseLogger - Copying 0 resource
2017-06-20 00:03:58,111 [Worker-144] INFO  o.e.m.c.i.embedder.EclipseLogger - Using 'UTF-8' encoding to copy filtered resources.
2017-06-20 00:03:58,120 [Worker-144] INFO  o.e.m.c.i.embedder.EclipseLogger - skip non existing resourceDirectory /home/john/javaDevEnv/letPlayAPI/letsPlay/src/test/resources
2017-06-20 00:04:16,017 [Worker-144] INFO  o.e.m.c.i.embedder.EclipseLogger - Using 'UTF-8' encoding to copy filtered resources.
2017-06-20 00:04:16,019 [Worker-144] INFO  o.e.m.c.i.embedder.EclipseLogger - Copying 1 resource
2017-06-20 00:04:16,060 [Worker-144] INFO  o.e.m.c.i.embedder.EclipseLogger - Using 'UTF-8' encoding to copy filtered resources.
2017-06-20 00:04:16,061 [Worker-144] INFO  o.e.m.c.i.embedder.EclipseLogger - skip non existing resourceDirectory /home/john/javaDevEnv/letPlayAPI/letsPlay/src/test/resources
2017-06-20 00:07:16,498 [Worker-150] INFO  o.e.m.c.i.embedder.EclipseLogger - Using 'UTF-8' encoding to copy filtered resources.
2017-06-20 00:07:16,508 [Worker-150] INFO  o.e.m.c.i.embedder.EclipseLogger - Copying 1 resource
2017-06-20 00:07:16,556 [Worker-150] INFO  o.e.m.c.i.embedder.EclipseLogger - Using 'UTF-8' encoding to copy filtered resources.
2017-06-20 00:07:16,568 [Worker-150] INFO  o.e.m.c.i.embedder.EclipseLogger - skip non existing resourceDirectory /home/john/javaDevEnv/letPlayAPI/letsPlay/src/test/resources
2017-06-20 00:08:50,905 [Worker-145] INFO  o.e.m.c.i.embedder.EclipseLogger - Using 'UTF-8' encoding to copy filtered resources.
2017-06-20 00:08:50,920 [Worker-145] INFO  o.e.m.c.i.embedder.EclipseLogger - Copying 1 resource
2017-06-20 00:08:50,935 [Worker-145] INFO  o.e.m.c.i.embedder.EclipseLogger - Using 'UTF-8' encoding to copy filtered resources.
2017-06-20 00:08:50,944 [Worker-145] INFO  o.e.m.c.i.embedder.EclipseLogger - skip non existing resourceDirectory /home/john/javaDevEnv/letPlayAPI/letsPlay/src/test/resources
2017-06-20 00:09:38,104 [Worker-145] INFO  o.e.m.c.i.embedder.EclipseLogger - Using 'UTF-8' encoding to copy filtered resources.
2017-06-20 00:09:38,112 [Worker-145] INFO  o.e.m.c.i.embedder.EclipseLogger - Copying 1 resource
2017-06-20 00:09:38,153 [Worker-145] INFO  o.e.m.c.i.embedder.EclipseLogger - Using 'UTF-8' encoding to copy filtered resources.
2017-06-20 00:09:38,154 [Worker-145] INFO  o.e.m.c.i.embedder.EclipseLogger - skip non existing resourceDirectory /home/john/javaDevEnv/letPlayAPI/letsPlay/src/test/resources
2017-06-20 00:10:42,822 [Worker-140] INFO  o.e.m.c.i.embedder.EclipseLogger - Using 'UTF-8' encoding to copy filtered resources.
2017-06-20 00:10:42,840 [Worker-140] INFO  o.e.m.c.i.embedder.EclipseLogger - Copying 1 resource
2017-06-20 00:10:42,854 [Worker-140] INFO  o.e.m.c.i.embedder.EclipseLogger - Using 'UTF-8' encoding to copy filtered resources.
2017-06-20 00:10:42,854 [Worker-140] INFO  o.e.m.c.i.embedder.EclipseLogger - skip non existing resourceDirectory /home/john/javaDevEnv/letPlayAPI/letsPlay/src/test/resources
2017-06-20 00:11:57,621 [Worker-145] INFO  o.e.m.c.i.embedder.EclipseLogger - Using 'UTF-8' encoding to copy filtered resources.
2017-06-20 00:11:57,636 [Worker-145] INFO  o.e.m.c.i.embedder.EclipseLogger - Copying 1 resource
2017-06-20 00:11:57,652 [Worker-145] INFO  o.e.m.c.i.embedder.EclipseLogger - Using 'UTF-8' encoding to copy filtered resources.
2017-06-20 00:11:57,656 [Worker-145] INFO  o.e.m.c.i.embedder.EclipseLogger - skip non existing resourceDirectory /home/john/javaDevEnv/letPlayAPI/letsPlay/src/test/resources
2017-06-20 00:11:58,832 [Worker-147] INFO  o.e.m.c.i.embedder.EclipseLogger - Using 'UTF-8' encoding to copy filtered resources.
2017-06-20 00:11:58,834 [Worker-147] INFO  o.e.m.c.i.embedder.EclipseLogger - Copying 1 resource
2017-06-20 00:11:58,848 [Worker-147] INFO  o.e.m.c.i.embedder.EclipseLogger - Using 'UTF-8' encoding to copy filtered resources.
2017-06-20 00:11:58,849 [Worker-147] INFO  o.e.m.c.i.embedder.EclipseLogger - skip non existing resourceDirectory /home/john/javaDevEnv/letPlayAPI/letsPlay/src/test/resources
2017-06-20 00:12:19,846 [Worker-140] INFO  o.e.m.c.i.embedder.EclipseLogger - Using 'UTF-8' encoding to copy filtered resources.
2017-06-20 00:12:19,850 [Worker-140] INFO  o.e.m.c.i.embedder.EclipseLogger - Copying 1 resource
2017-06-20 00:12:19,883 [Worker-140] INFO  o.e.m.c.i.embedder.EclipseLogger - Using 'UTF-8' encoding to copy filtered resources.
2017-06-20 00:12:19,892 [Worker-140] INFO  o.e.m.c.i.embedder.EclipseLogger - skip non existing resourceDirectory /home/john/javaDevEnv/letPlayAPI/letsPlay/src/test/resources
2017-06-20 00:15:32,922 [Worker-150] INFO  o.e.m.c.i.embedder.EclipseLogger - Using 'UTF-8' encoding to copy filtered resources.
2017-06-20 00:15:32,923 [Worker-150] INFO  o.e.m.c.i.embedder.EclipseLogger - Copying 1 resource
2017-06-20 00:15:32,931 [Worker-150] INFO  o.e.m.c.i.embedder.EclipseLogger - Using 'UTF-8' encoding to copy filtered resources.
2017-06-20 00:15:32,932 [Worker-150] INFO  o.e.m.c.i.embedder.EclipseLogger - skip non existing resourceDirectory /home/john/javaDevEnv/letPlayAPI/letsPlay/src/test/resources
2017-06-20 00:16:26,774 [Worker-155] INFO  o.e.m.c.i.embedder.EclipseLogger - Using 'UTF-8' encoding to copy filtered resources.
2017-06-20 00:16:26,782 [Worker-155] INFO  o.e.m.c.i.embedder.EclipseLogger - Copying 1 resource
2017-06-20 00:16:26,794 [Worker-155] INFO  o.e.m.c.i.embedder.EclipseLogger - Using 'UTF-8' encoding to copy filtered resources.
2017-06-20 00:16:26,794 [Worker-155] INFO  o.e.m.c.i.embedder.EclipseLogger - skip non existing resourceDirectory /home/john/javaDevEnv/letPlayAPI/letsPlay/src/test/resources
2017-06-20 00:26:09,707 [Worker-156] INFO  o.e.m.c.i.embedder.EclipseLogger - Using 'UTF-8' encoding to copy filtered resources.
2017-06-20 00:26:09,709 [Worker-156] INFO  o.e.m.c.i.embedder.EclipseLogger - Copying 1 resource
2017-06-20 00:26:09,716 [Worker-156] INFO  o.e.m.c.i.embedder.EclipseLogger - Using 'UTF-8' encoding to copy filtered resources.
2017-06-20 00:26:09,717 [Worker-156] INFO  o.e.m.c.i.embedder.EclipseLogger - skip non existing resourceDirectory /home/john/javaDevEnv/letPlayAPI/letsPlay/src/test/resources
2017-06-21 01:45:33,622 [Worker-6] INFO  o.e.m.c.i.l.LifecycleMappingFactory - Using org.maven.ide.eclipse.wtp.WarLifecycleMapping lifecycle mapping for MavenProject: org.wanjiku:letsPlay:0.0.1-SNAPSHOT @ /home/john/javaDevEnv/letPlayAPI/letsPlay/pom.xml.
2017-06-21 01:45:33,617 [Worker-1] INFO  o.e.m.c.i.l.LifecycleMappingFactory - Using org.maven.ide.eclipse.wtp.WarLifecycleMapping lifecycle mapping for MavenProject: org.wanjiku:letsPlay:0.0.1-SNAPSHOT @ /home/john/javaDevEnv/letPlayAPI/letsPlay/pom.xml.
2017-06-21 01:45:52,732 [Worker-6] INFO  o.e.m.c.i.embedder.EclipseLogger - Using 'UTF-8' encoding to copy filtered resources.
2017-06-21 01:45:52,844 [Worker-6] INFO  o.e.m.c.i.embedder.EclipseLogger - Copying 1 resource
2017-06-21 01:45:53,065 [Worker-6] INFO  o.e.m.c.i.embedder.EclipseLogger - Using 'UTF-8' encoding to copy filtered resources.
2017-06-21 01:45:53,066 [Worker-6] INFO  o.e.m.c.i.embedder.EclipseLogger - skip non existing resourceDirectory /home/john/javaDevEnv/letPlayAPI/letsPlay/src/test/resources
2017-06-21 01:46:02,641 [Worker-2] INFO  o.e.m.c.i.l.LifecycleMappingFactory - Using org.maven.ide.eclipse.wtp.WarLifecycleMapping lifecycle mapping for MavenProject: org.wanjiku:letsPlay:0.0.1-SNAPSHOT @ /home/john/javaDevEnv/letPlayAPI/letsPlay/pom.xml.
2017-06-21 01:46:31,643 [Worker-17] INFO  o.e.m.c.i.embedder.EclipseLogger - Using 'UTF-8' encoding to copy filtered resources.
2017-06-21 01:46:31,661 [Worker-17] INFO  o.e.m.c.i.embedder.EclipseLogger - Copying 0 resource
2017-06-21 01:46:31,688 [Worker-17] INFO  o.e.m.c.i.embedder.EclipseLogger - Using 'UTF-8' encoding to copy filtered resources.
2017-06-21 01:46:31,689 [Worker-17] INFO  o.e.m.c.i.embedder.EclipseLogger - skip non existing resourceDirectory /home/john/javaDevEnv/letPlayAPI/letsPlay/src/test/resources
2017-06-21 01:49:19,759 [Worker-8] INFO  o.e.m.c.i.embedder.EclipseLogger - Using 'UTF-8' encoding to copy filtered resources.
2017-06-21 01:49:19,766 [Worker-8] INFO  o.e.m.c.i.embedder.EclipseLogger - skip non existing resourceDirectory /home/john/javaDevEnv/letPlayAPI/letsPlay/src/main/resources
2017-06-21 01:49:19,800 [Worker-8] INFO  o.e.m.c.i.embedder.EclipseLogger - Using 'UTF-8' encoding to copy filtered resources.
2017-06-21 01:49:19,801 [Worker-8] INFO  o.e.m.c.i.embedder.EclipseLogger - skip non existing resourceDirectory /home/john/javaDevEnv/letPlayAPI/letsPlay/src/test/resources
2017-06-21 01:50:23,169 [Worker-17] INFO  o.e.m.c.i.embedder.EclipseLogger - Using 'UTF-8' encoding to copy filtered resources.
2017-06-21 01:50:23,172 [Worker-17] INFO  o.e.m.c.i.embedder.EclipseLogger - skip non existing resourceDirectory /home/john/javaDevEnv/letPlayAPI/letsPlay/src/main/resources
2017-06-21 01:50:23,311 [Worker-17] INFO  o.e.m.c.i.embedder.EclipseLogger - Using 'UTF-8' encoding to copy filtered resources.
2017-06-21 01:50:23,311 [Worker-17] INFO  o.e.m.c.i.embedder.EclipseLogger - skip non existing resourceDirectory /home/john/javaDevEnv/letPlayAPI/letsPlay/src/test/resources
2017-06-21 23:25:36,466 [Worker-2] INFO  o.e.m.c.i.l.LifecycleMappingFactory - Using org.maven.ide.eclipse.wtp.WarLifecycleMapping lifecycle mapping for MavenProject: org.wanjiku:letsPlay:0.0.1-SNAPSHOT @ /home/john/javaDevEnv/letPlayAPI/letsPlay/pom.xml.
2017-06-21 23:25:36,468 [Worker-8] INFO  o.e.m.c.i.l.LifecycleMappingFactory - Using org.maven.ide.eclipse.wtp.WarLifecycleMapping lifecycle mapping for MavenProject: org.wanjiku:letsPlay:0.0.1-SNAPSHOT @ /home/john/javaDevEnv/letPlayAPI/letsPlay/pom.xml.
2017-06-21 23:25:53,919 [Worker-8] INFO  o.e.m.c.i.embedder.EclipseLogger - Using 'UTF-8' encoding to copy filtered resources.
2017-06-21 23:25:53,939 [Worker-8] INFO  o.e.m.c.i.embedder.EclipseLogger - skip non existing resourceDirectory /home/john/javaDevEnv/letPlayAPI/letsPlay/src/main/resources
2017-06-21 23:25:53,955 [Worker-8] INFO  o.e.m.c.i.embedder.EclipseLogger - Using 'UTF-8' encoding to copy filtered resources.
2017-06-21 23:25:53,956 [Worker-8] INFO  o.e.m.c.i.embedder.EclipseLogger - skip non existing resourceDirectory /home/john/javaDevEnv/letPlayAPI/letsPlay/src/test/resources
2017-06-21 23:25:58,051 [Worker-10] INFO  o.e.m.c.i.l.LifecycleMappingFactory - Using org.maven.ide.eclipse.wtp.WarLifecycleMapping lifecycle mapping for MavenProject: org.wanjiku:letsPlay:0.0.1-SNAPSHOT @ /home/john/javaDevEnv/letPlayAPI/letsPlay/pom.xml.
2017-06-21 23:26:23,335 [Worker-4] INFO  o.e.m.c.i.embedder.EclipseLogger - Using 'UTF-8' encoding to copy filtered resources.
2017-06-21 23:26:23,349 [Worker-4] INFO  o.e.m.c.i.embedder.EclipseLogger - skip non existing resourceDirectory /home/john/javaDevEnv/letPlayAPI/letsPlay/src/main/resources
2017-06-21 23:26:23,420 [Worker-4] INFO  o.e.m.c.i.embedder.EclipseLogger - Using 'UTF-8' encoding to copy filtered resources.
2017-06-21 23:26:23,421 [Worker-4] INFO  o.e.m.c.i.embedder.EclipseLogger - skip non existing resourceDirectory /home/john/javaDevEnv/letPlayAPI/letsPlay/src/test/resources
2017-06-21 23:42:46,990 [Worker-6] INFO  o.e.m.c.i.embedder.EclipseLogger - Using 'UTF-8' encoding to copy filtered resources.
2017-06-21 23:42:47,083 [Worker-6] INFO  o.e.m.c.i.embedder.EclipseLogger - skip non existing resourceDirectory /home/john/javaDevEnv/letPlayAPI/letsPlay/src/main/resources
2017-06-21 23:42:47,122 [Worker-6] INFO  o.e.m.c.i.embedder.EclipseLogger - Using 'UTF-8' encoding to copy filtered resources.
2017-06-21 23:42:47,140 [Worker-6] INFO  o.e.m.c.i.embedder.EclipseLogger - skip non existing resourceDirectory /home/john/javaDevEnv/letPlayAPI/letsPlay/src/test/resources
2017-06-22 00:05:33,838 [Worker-25] INFO  o.e.m.c.i.l.LifecycleMappingFactory - Using org.maven.ide.eclipse.wtp.WarLifecycleMapping lifecycle mapping for MavenProject: org.wanjiku.javaApi:messanger:0.0.1-SNAPSHOT @ /home/john/workspace/jerseyMessanger/messanger/pom.xml.
2017-06-22 00:05:37,472 [Worker-25] INFO  o.e.m.c.i.embedder.EclipseLogger - Using 'UTF-8' encoding to copy filtered resources.
2017-06-22 00:05:37,496 [Worker-25] INFO  o.e.m.c.i.embedder.EclipseLogger - Copying 0 resource
2017-06-22 00:05:37,505 [Worker-25] INFO  o.e.m.c.i.embedder.EclipseLogger - Using 'UTF-8' encoding to copy filtered resources.
2017-06-22 00:05:37,506 [Worker-25] INFO  o.e.m.c.i.embedder.EclipseLogger - skip non existing resourceDirectory /home/john/workspace/jerseyMessanger/messanger/src/test/resources
2017-06-22 00:05:41,647 [Worker-32] INFO  o.e.m.c.i.embedder.EclipseLogger - Using 'UTF-8' encoding to copy filtered resources.
2017-06-22 00:05:41,767 [Worker-32] INFO  o.e.m.c.i.embedder.EclipseLogger - Copying 0 resource
2017-06-22 00:05:41,797 [Worker-32] INFO  o.e.m.c.i.embedder.EclipseLogger - Using 'UTF-8' encoding to copy filtered resources.
2017-06-22 00:05:41,798 [Worker-32] INFO  o.e.m.c.i.embedder.EclipseLogger - skip non existing resourceDirectory /home/john/workspace/jerseyMessanger/messanger/src/test/resources
2017-06-22 00:07:30,306 [Worker-26] INFO  o.e.m.c.i.embedder.EclipseLogger - Using 'UTF-8' encoding to copy filtered resources.
2017-06-22 00:07:30,324 [Worker-26] INFO  o.e.m.c.i.embedder.EclipseLogger - skip non existing resourceDirectory /home/john/javaDevEnv/letPlayAPI/letsPlay/src/main/resources
2017-06-22 00:07:30,345 [Worker-26] INFO  o.e.m.c.i.embedder.EclipseLogger - Using 'UTF-8' encoding to copy filtered resources.
2017-06-22 00:07:30,355 [Worker-26] INFO  o.e.m.c.i.embedder.EclipseLogger - skip non existing resourceDirectory /home/john/javaDevEnv/letPlayAPI/letsPlay/src/test/resources
2017-06-22 00:27:52,903 [Worker-3] INFO  o.e.m.c.i.embedder.EclipseLogger - Using 'UTF-8' encoding to copy filtered resources.
2017-06-22 00:27:52,918 [Worker-3] INFO  o.e.m.c.i.embedder.EclipseLogger - skip non existing resourceDirectory /home/john/javaDevEnv/letPlayAPI/letsPlay/src/main/resources
2017-06-22 00:27:52,944 [Worker-3] INFO  o.e.m.c.i.embedder.EclipseLogger - Using 'UTF-8' encoding to copy filtered resources.
2017-06-22 00:27:52,945 [Worker-3] INFO  o.e.m.c.i.embedder.EclipseLogger - skip non existing resourceDirectory /home/john/javaDevEnv/letPlayAPI/letsPlay/src/test/resources
2017-06-22 00:37:15,643 [Worker-29] INFO  o.e.m.c.i.embedder.EclipseLogger - Using 'UTF-8' encoding to copy filtered resources.
2017-06-22 00:37:15,674 [Worker-29] INFO  o.e.m.c.i.embedder.EclipseLogger - skip non existing resourceDirectory /home/john/javaDevEnv/letPlayAPI/letsPlay/src/main/resources
2017-06-22 00:37:15,706 [Worker-29] INFO  o.e.m.c.i.embedder.EclipseLogger - Using 'UTF-8' encoding to copy filtered resources.
2017-06-22 00:37:15,742 [Worker-29] INFO  o.e.m.c.i.embedder.EclipseLogger - skip non existing resourceDirectory /home/john/javaDevEnv/letPlayAPI/letsPlay/src/test/resources
2017-06-22 00:39:00,576 [Worker-30] INFO  o.e.m.c.i.embedder.EclipseLogger - Using 'UTF-8' encoding to copy filtered resources.
2017-06-22 00:39:00,577 [Worker-30] INFO  o.e.m.c.i.embedder.EclipseLogger - skip non existing resourceDirectory /home/john/javaDevEnv/letPlayAPI/letsPlay/src/main/resources
2017-06-22 00:39:00,644 [Worker-30] INFO  o.e.m.c.i.embedder.EclipseLogger - Using 'UTF-8' encoding to copy filtered resources.
2017-06-22 00:39:00,644 [Worker-30] INFO  o.e.m.c.i.embedder.EclipseLogger - skip non existing resourceDirectory /home/john/javaDevEnv/letPlayAPI/letsPlay/src/test/resources
2017-06-22 00:43:57,928 [Worker-8] INFO  o.e.m.c.i.embedder.EclipseLogger - Using 'UTF-8' encoding to copy filtered resources.
2017-06-22 00:43:57,932 [Worker-8] INFO  o.e.m.c.i.embedder.EclipseLogger - skip non existing resourceDirectory /home/john/javaDevEnv/letPlayAPI/letsPlay/src/main/resources
2017-06-22 00:43:57,972 [Worker-8] INFO  o.e.m.c.i.embedder.EclipseLogger - Using 'UTF-8' encoding to copy filtered resources.
2017-06-22 00:43:57,972 [Worker-8] INFO  o.e.m.c.i.embedder.EclipseLogger - skip non existing resourceDirectory /home/john/javaDevEnv/letPlayAPI/letsPlay/src/test/resources
2017-06-22 00:44:21,266 [Worker-27] INFO  o.e.m.c.i.embedder.EclipseLogger - Using 'UTF-8' encoding to copy filtered resources.
2017-06-22 00:44:21,282 [Worker-27] INFO  o.e.m.c.i.embedder.EclipseLogger - skip non existing resourceDirectory /home/john/javaDevEnv/letPlayAPI/letsPlay/src/main/resources
2017-06-22 00:44:21,296 [Worker-27] INFO  o.e.m.c.i.embedder.EclipseLogger - Using 'UTF-8' encoding to copy filtered resources.
2017-06-22 00:44:21,301 [Worker-27] INFO  o.e.m.c.i.embedder.EclipseLogger - skip non existing resourceDirectory /home/john/javaDevEnv/letPlayAPI/letsPlay/src/test/resources
